<?xml version="1.0" encoding="UTF-8"?>
<testng-results ignored="0" total="1" passed="1" failed="0" skipped="0">
  <reporter-output>
  </reporter-output>
  <suite started-at="2023-04-19T11:47:42 CDT" name="Default suite" finished-at="2023-04-19T11:47:46 CDT" duration-ms="4353">
    <groups>
    </groups>
    <test started-at="2023-04-19T11:47:42 CDT" name="Default test" finished-at="2023-04-19T11:47:46 CDT" duration-ms="4353">
      <class name="testpacks.DragAndDrop">
        <test-method signature="dropdownsMethod()[pri:0, instance:testpacks.DragAndDrop@61df66b6]" started-at="2023-04-19T11:47:42 CDT" name="dropdownsMethod" finished-at="2023-04-19T11:47:46 CDT" duration-ms="4320" status="PASS">
          <reporter-output>
          </reporter-output>
        </test-method> <!-- dropdownsMethod -->
      </class> <!-- testpacks.DragAndDrop -->
    </test> <!-- Default test -->
  </suite> <!-- Default suite -->
</testng-results>
